<?xml version="1.0" encoding="UTF-8"?>
<testsuite name="com.example.android.architecture.blueprints.todoapp.taskdetail.TaskDetailScreenTest" tests="2" skipped="0" failures="0" errors="0" timestamp="2022-06-11T21:26:23" hostname="GoldenHind.local" time="0.119">
  <properties/>
  <testcase name="completedTaskDetails_DisplayedInUi" classname="com.example.android.architecture.blueprints.todoapp.taskdetail.TaskDetailScreenTest" time="0.07"/>
  <testcase name="activeTaskDetails_DisplayedInUi" classname="com.example.android.architecture.blueprints.todoapp.taskdetail.TaskDetailScreenTest" time="0.049"/>
  <system-out><![CDATA[]]></system-out>
  <system-err><![CDATA[System.logW: No Compatibility callbacks set! Querying change 171228096
System.logW: No Compatibility callbacks set! Querying change 171228096
System.logW: No Compatibility callbacks set! Querying change 171228096
System.logW: No Compatibility callbacks set! Querying change 171228096
System.logW: No Compatibility callbacks set! Querying change 171228096
System.logW: No Compatibility callbacks set! Querying change 171228096
System.logW: No Compatibility callbacks set! Querying change 171228096
System.logW: No Compatibility callbacks set! Querying change 171228096
System.logW: No Compatibility callbacks set! Querying change 171228096
System.logW: No Compatibility callbacks set! Querying change 171228096
System.logW: No Compatibility callbacks set! Querying change 171228096
System.logW: No Compatibility callbacks set! Querying change 171228096
System.logW: No Compatibility callbacks set! Querying change 171228096
System.logW: No Compatibility callbacks set! Querying change 171228096
System.logW: No Compatibility callbacks set! Querying change 171228096
System.logW: No Compatibility callbacks set! Querying change 171228096
]]></system-err>
</testsuite>
