<?xml version="1.0" encoding="UTF-8"?>
<testsuite name="com.example.android.architecture.blueprints.todoapp.statistics.StatisticsViewModelTest" tests="3" skipped="0" failures="0" errors="0" timestamp="2022-06-11T21:26:23" hostname="GoldenHind.local" time="0.032">
  <properties/>
  <testcase name="loadTasks_loading" classname="com.example.android.architecture.blueprints.todoapp.statistics.StatisticsViewModelTest" time="0.027"/>
  <testcase name="loadNonEmptyTasksFromRepository_NonEmptyResults" classname="com.example.android.architecture.blueprints.todoapp.statistics.StatisticsViewModelTest" time="0.004"/>
  <testcase name="loadEmptyTasksFromRepository_EmptyResults" classname="com.example.android.architecture.blueprints.todoapp.statistics.StatisticsViewModelTest" time="0.001"/>
  <system-out><![CDATA[]]></system-out>
  <system-err><![CDATA[]]></system-err>
</testsuite>
