<?xml version="1.0" encoding="UTF-8"?>
<testsuite name="com.example.android.architecture.blueprints.todoapp.statistics.StatisticsUtilsTest" tests="5" skipped="0" failures="0" errors="0" timestamp="2022-06-11T21:26:23" hostname="GoldenHind.local" time="0.001">
  <properties/>
  <testcase name="getActiveAndCompletedStats_noActive" classname="com.example.android.architecture.blueprints.todoapp.statistics.StatisticsUtilsTest" time="0.001"/>
  <testcase name="getActiveAndCompletedStats_empty" classname="com.example.android.architecture.blueprints.todoapp.statistics.StatisticsUtilsTest" time="0.0"/>
  <testcase name="getActiveAndCompletedStats_error" classname="com.example.android.architecture.blueprints.todoapp.statistics.StatisticsUtilsTest" time="0.0"/>
  <testcase name="getActiveAndCompletedStats_both" classname="com.example.android.architecture.blueprints.todoapp.statistics.StatisticsUtilsTest" time="0.0"/>
  <testcase name="getActiveAndCompletedStats_noCompleted" classname="com.example.android.architecture.blueprints.todoapp.statistics.StatisticsUtilsTest" time="0.0"/>
  <system-out><![CDATA[]]></system-out>
  <system-err><![CDATA[]]></system-err>
</testsuite>
